{"C:\\Users\\Peterlight\\Projects\\Savannah\\todo_reactjs\\task_management\\src\\vite-env.d.ts": {"path":"C:\\Users\\Peterlight\\Projects\\Savannah\\todo_reactjs\\task_management\\src\\vite-env.d.ts","statementMap":{},"fnMap":{},"branchMap":{},"s":{},"f":{},"b":{}}
,"C:\\Users\\Peterlight\\Projects\\Savannah\\todo_reactjs\\task_management\\src\\adapters\\http\\AuthApi.ts": {"path":"C:\\Users\\Peterlight\\Projects\\Savannah\\todo_reactjs\\task_management\\src\\adapters\\http\\AuthApi.ts","statementMap":{"0":{"start":{"line":11,"column":8},"end":{"line":11,"column":null}},"1":{"start":{"line":15,"column":25},"end":{"line":15,"column":84}},"2":{"start":{"line":16,"column":8},"end":{"line":16,"column":29}},"3":{"start":{"line":20,"column":25},"end":{"line":20,"column":97}},"4":{"start":{"line":21,"column":8},"end":{"line":21,"column":29}},"5":{"start":{"line":25,"column":25},"end":{"line":25,"column":61}},"6":{"start":{"line":26,"column":8},"end":{"line":26,"column":29}},"7":{"start":{"line":30,"column":25},"end":{"line":30,"column":69}},"8":{"start":{"line":31,"column":8},"end":{"line":31,"column":29}},"9":{"start":{"line":35,"column":25},"end":{"line":35,"column":105}},"10":{"start":{"line":36,"column":8},"end":{"line":36,"column":29}},"11":{"start":{"line":40,"column":25},"end":{"line":42,"column":10}},"12":{"start":{"line":43,"column":8},"end":{"line":43,"column":29}},"13":{"start":{"line":7,"column":0},"end":{"line":7,"column":21}}},"fnMap":{"0":{"name":"(anonymous_7)","decl":{"start":{"line":10,"column":4},"end":{"line":10,"column":16}},"loc":{"start":{"line":10,"column":37},"end":{"line":12,"column":5}}},"1":{"name":"(anonymous_8)","decl":{"start":{"line":14,"column":10},"end":{"line":14,"column":15}},"loc":{"start":{"line":14,"column":47},"end":{"line":17,"column":null}}},"2":{"name":"(anonymous_10)","decl":{"start":{"line":19,"column":10},"end":{"line":19,"column":18}},"loc":{"start":{"line":19,"column":68},"end":{"line":22,"column":null}}},"3":{"name":"(anonymous_12)","decl":{"start":{"line":24,"column":10},"end":{"line":24,"column":20}},"loc":{"start":{"line":24,"column":20},"end":{"line":27,"column":null}}},"4":{"name":"(anonymous_14)","decl":{"start":{"line":29,"column":10},"end":{"line":29,"column":23}},"loc":{"start":{"line":29,"column":43},"end":{"line":32,"column":null}}},"5":{"name":"(anonymous_16)","decl":{"start":{"line":34,"column":10},"end":{"line":34,"column":28}},"loc":{"start":{"line":34,"column":49},"end":{"line":37,"column":null}}},"6":{"name":"(anonymous_18)","decl":{"start":{"line":39,"column":10},"end":{"line":39,"column":20}},"loc":{"start":{"line":39,"column":56},"end":{"line":44,"column":null}}}},"branchMap":{},"s":{"0":0,"1":0,"2":0,"3":0,"4":0,"5":0,"6":0,"7":0,"8":0,"9":0,"10":0,"11":0,"12":0,"13":0},"f":{"0":0,"1":0,"2":0,"3":0,"4":0,"5":0,"6":0},"b":{}}
,"C:\\Users\\Peterlight\\Projects\\Savannah\\todo_reactjs\\task_management\\src\\adapters\\http\\TaskApi.ts": {"path":"C:\\Users\\Peterlight\\Projects\\Savannah\\todo_reactjs\\task_management\\src\\adapters\\http\\TaskApi.ts","statementMap":{"0":{"start":{"line":11,"column":8},"end":{"line":11,"column":42}},"1":{"start":{"line":15,"column":25},"end":{"line":17,"column":10}},"2":{"start":{"line":18,"column":8},"end":{"line":18,"column":29}},"3":{"start":{"line":22,"column":25},"end":{"line":24,"column":10}},"4":{"start":{"line":25,"column":8},"end":{"line":25,"column":29}},"5":{"start":{"line":29,"column":25},"end":{"line":29,"column":71}},"6":{"start":{"line":30,"column":8},"end":{"line":30,"column":29}},"7":{"start":{"line":34,"column":25},"end":{"line":34,"column":82}},"8":{"start":{"line":35,"column":8},"end":{"line":35,"column":29}},"9":{"start":{"line":39,"column":25},"end":{"line":39,"column":97}},"10":{"start":{"line":40,"column":8},"end":{"line":40,"column":29}},"11":{"start":{"line":44,"column":8},"end":{"line":44,"column":55}},"12":{"start":{"line":7,"column":0},"end":{"line":7,"column":21}}},"fnMap":{"0":{"name":"(anonymous_7)","decl":{"start":{"line":10,"column":4},"end":{"line":10,"column":16}},"loc":{"start":{"line":10,"column":37},"end":{"line":12,"column":5}}},"1":{"name":"(anonymous_8)","decl":{"start":{"line":14,"column":10},"end":{"line":14,"column":20}},"loc":{"start":{"line":14,"column":56},"end":{"line":19,"column":null}}},"2":{"name":"(anonymous_10)","decl":{"start":{"line":21,"column":10},"end":{"line":21,"column":19}},"loc":{"start":{"line":21,"column":71},"end":{"line":26,"column":null}}},"3":{"name":"(anonymous_12)","decl":{"start":{"line":28,"column":10},"end":{"line":28,"column":20}},"loc":{"start":{"line":28,"column":40},"end":{"line":31,"column":null}}},"4":{"name":"(anonymous_14)","decl":{"start":{"line":33,"column":10},"end":{"line":33,"column":20}},"loc":{"start":{"line":33,"column":56},"end":{"line":36,"column":null}}},"5":{"name":"(anonymous_16)","decl":{"start":{"line":38,"column":10},"end":{"line":38,"column":25}},"loc":{"start":{"line":38,"column":62},"end":{"line":41,"column":null}}},"6":{"name":"(anonymous_18)","decl":{"start":{"line":43,"column":10},"end":{"line":43,"column":20}},"loc":{"start":{"line":43,"column":35},"end":{"line":45,"column":null}}}},"branchMap":{},"s":{"0":0,"1":0,"2":0,"3":0,"4":0,"5":0,"6":0,"7":0,"8":0,"9":0,"10":0,"11":0,"12":0},"f":{"0":0,"1":0,"2":0,"3":0,"4":0,"5":0,"6":0},"b":{}}
,"C:\\Users\\Peterlight\\Projects\\Savannah\\todo_reactjs\\task_management\\src\\adapters\\http\\axiosInstance.ts": {"path":"C:\\Users\\Peterlight\\Projects\\Savannah\\todo_reactjs\\task_management\\src\\adapters\\http\\axiosInstance.ts","statementMap":{"0":{"start":{"line":1,"column":0},"end":{"line":1,"column":48}},"1":{"start":{"line":2,"column":0},"end":{"line":2,"column":37}},"2":{"start":{"line":3,"column":0},"end":{"line":3,"column":52}},"3":{"start":{"line":4,"column":0},"end":{"line":4,"column":51}},"4":{"start":{"line":5,"column":0},"end":{"line":5,"column":55}},"5":{"start":{"line":6,"column":0},"end":{"line":6,"column":65}},"6":{"start":{"line":9,"column":18},"end":{"line":81,"column":1}},"7":{"start":{"line":10,"column":22},"end":{"line":15,"column":6}},"8":{"start":{"line":17,"column":4},"end":{"line":25,"column":7}},"9":{"start":{"line":18,"column":28},"end":{"line":18,"column":63}},"10":{"start":{"line":19,"column":8},"end":{"line":21,"column":9}},"11":{"start":{"line":20,"column":12},"end":{"line":20,"column":67}},"12":{"start":{"line":22,"column":8},"end":{"line":22,"column":22}},"13":{"start":{"line":24,"column":8},"end":{"line":24,"column":37}},"14":{"start":{"line":28,"column":4},"end":{"line":79,"column":7}},"15":{"start":{"line":32,"column":8},"end":{"line":32,"column":24}},"16":{"start":{"line":33,"column":23},"end":{"line":79,"column":6}},"17":{"start":{"line":34,"column":32},"end":{"line":34,"column":44}},"18":{"start":{"line":35,"column":28},"end":{"line":35,"column":60}},"19":{"start":{"line":37,"column":8},"end":{"line":49,"column":9}},"20":{"start":{"line":38,"column":12},"end":{"line":38,"column":42}},"21":{"start":{"line":39,"column":12},"end":{"line":48,"column":13}},"22":{"start":{"line":40,"column":39},"end":{"line":40,"column":77}},"23":{"start":{"line":41,"column":16},"end":{"line":41,"column":96}},"24":{"start":{"line":42,"column":16},"end":{"line":42,"column":83}},"25":{"start":{"line":43,"column":16},"end":{"line":43,"column":72}},"26":{"start":{"line":45,"column":16},"end":{"line":45,"column":43}},"27":{"start":{"line":46,"column":16},"end":{"line":46,"column":61}},"28":{"start":{"line":47,"column":16},"end":{"line":47,"column":69}},"29":{"start":{"line":51,"column":8},"end":{"line":76,"column":9}},"30":{"start":{"line":53,"column":12},"end":{"line":71,"column":13}},"31":{"start":{"line":55,"column":20},"end":{"line":61,"column":21}},"32":{"start":{"line":56,"column":24},"end":{"line":58,"column":null}},"33":{"start":{"line":57,"column":28},"end":{"line":57,"column":55}},"34":{"start":{"line":60,"column":24},"end":{"line":60,"column":121}},"35":{"start":{"line":62,"column":20},"end":{"line":62,"column":26}},"36":{"start":{"line":64,"column":20},"end":{"line":64,"column":87}},"37":{"start":{"line":65,"column":20},"end":{"line":65,"column":26}},"38":{"start":{"line":67,"column":20},"end":{"line":67,"column":82}},"39":{"start":{"line":68,"column":20},"end":{"line":68,"column":26}},"40":{"start":{"line":70,"column":20},"end":{"line":70,"column":72}},"41":{"start":{"line":72,"column":15},"end":{"line":76,"column":9}},"42":{"start":{"line":73,"column":12},"end":{"line":73,"column":95}},"43":{"start":{"line":75,"column":12},"end":{"line":75,"column":59}},"44":{"start":{"line":78,"column":8},"end":{"line":78,"column":37}},"45":{"start":{"line":80,"column":4},"end":{"line":80,"column":null}},"46":{"start":{"line":83,"column":0},"end":{"line":83,"column":25}}},"fnMap":{"0":{"name":"(anonymous_7)","decl":{"start":{"line":9,"column":18},"end":{"line":9,"column":21}},"loc":{"start":{"line":9,"column":23},"end":{"line":81,"column":1}}},"1":{"name":"(anonymous_8)","decl":{"start":{"line":17,"column":39},"end":{"line":17,"column":40}},"loc":{"start":{"line":17,"column":50},"end":{"line":23,"column":5}}},"2":{"name":"(anonymous_9)","decl":{"start":{"line":23,"column":7},"end":{"line":23,"column":8}},"loc":{"start":{"line":23,"column":17},"end":{"line":25,"column":5}}},"3":{"name":"(anonymous_10)","decl":{"start":{"line":28,"column":40},"end":{"line":28,"column":41}},"loc":{"start":{"line":28,"column":53},"end":{"line":33,"column":5}}},"4":{"name":"(anonymous_11)","decl":{"start":{"line":33,"column":7},"end":{"line":33,"column":14}},"loc":{"start":{"line":33,"column":23},"end":{"line":79,"column":6}}},"5":{"name":"(anonymous_12)","decl":{"start":{"line":33,"column":23},"end":{"line":33,"column":null}},"loc":{"start":{"line":33,"column":23},"end":{"line":79,"column":5}}},"6":{"name":"(anonymous_13)","decl":{"start":{"line":56,"column":52},"end":{"line":56,"column":53}},"loc":{"start":{"line":56,"column":61},"end":{"line":58,"column":25}}}},"branchMap":{"0":{"loc":{"start":{"line":19,"column":8},"end":{"line":21,"column":9}},"type":"if","locations":[{"start":{"line":19,"column":8},"end":{"line":21,"column":9}}]},"1":{"loc":{"start":{"line":37,"column":8},"end":{"line":49,"column":9}},"type":"if","locations":[{"start":{"line":37,"column":8},"end":{"line":49,"column":9}}]},"2":{"loc":{"start":{"line":37,"column":12},"end":{"line":37,"column":69}},"type":"binary-expr","locations":[{"start":{"line":37,"column":12},"end":{"line":37,"column":42}},{"start":{"line":37,"column":46},"end":{"line":37,"column":69}}]},"3":{"loc":{"start":{"line":37,"column":12},"end":{"line":37,"column":34}},"type":"cond-expr","locations":[{"start":{"line":37,"column":26},"end":{"line":37,"column":28}},{"start":{"line":37,"column":26},"end":{"line":37,"column":34}}]},"4":{"loc":{"start":{"line":37,"column":12},"end":{"line":37,"column":28}},"type":"binary-expr","locations":[{"start":{"line":37,"column":12},"end":{"line":37,"column":28}},{"start":{"line":37,"column":26},"end":{"line":37,"column":28}}]},"5":{"loc":{"start":{"line":51,"column":8},"end":{"line":76,"column":9}},"type":"if","locations":[{"start":{"line":51,"column":8},"end":{"line":76,"column":9}},{"start":{"line":72,"column":15},"end":{"line":76,"column":9}}]},"6":{"loc":{"start":{"line":53,"column":12},"end":{"line":71,"column":13}},"type":"switch","locations":[{"start":{"line":54,"column":16},"end":{"line":62,"column":26}},{"start":{"line":63,"column":16},"end":{"line":65,"column":26}},{"start":{"line":66,"column":16},"end":{"line":68,"column":26}},{"start":{"line":69,"column":16},"end":{"line":70,"column":72}}]},"7":{"loc":{"start":{"line":55,"column":20},"end":{"line":61,"column":21}},"type":"if","locations":[{"start":{"line":55,"column":20},"end":{"line":61,"column":21}},{"start":{"line":59,"column":27},"end":{"line":61,"column":21}}]},"8":{"loc":{"start":{"line":55,"column":24},"end":{"line":55,"column":81}},"type":"binary-expr","locations":[{"start":{"line":55,"column":24},"end":{"line":55,"column":43}},{"start":{"line":55,"column":47},"end":{"line":55,"column":81}}]},"9":{"loc":{"start":{"line":57,"column":40},"end":{"line":57,"column":53}},"type":"cond-expr","locations":[{"start":{"line":57,"column":44},"end":{"line":57,"column":46}},{"start":{"line":57,"column":40},"end":{"line":57,"column":53}}]},"10":{"loc":{"start":{"line":57,"column":40},"end":{"line":57,"column":46}},"type":"binary-expr","locations":[{"start":{"line":57,"column":40},"end":{"line":57,"column":46}},{"start":{"line":57,"column":40},"end":{"line":57,"column":46}}]},"11":{"loc":{"start":{"line":60,"column":36},"end":{"line":60,"column":119}},"type":"binary-expr","locations":[{"start":{"line":60,"column":36},"end":{"line":60,"column":64}},{"start":{"line":60,"column":68},"end":{"line":60,"column":119}}]},"12":{"loc":{"start":{"line":60,"column":36},"end":{"line":60,"column":64}},"type":"cond-expr","locations":[{"start":{"line":60,"column":55},"end":{"line":60,"column":57}},{"start":{"line":60,"column":55},"end":{"line":60,"column":64}}]},"13":{"loc":{"start":{"line":60,"column":36},"end":{"line":60,"column":57}},"type":"binary-expr","locations":[{"start":{"line":60,"column":36},"end":{"line":60,"column":57}},{"start":{"line":60,"column":55},"end":{"line":60,"column":57}}]},"14":{"loc":{"start":{"line":64,"column":32},"end":{"line":64,"column":85}},"type":"binary-expr","locations":[{"start":{"line":64,"column":32},"end":{"line":64,"column":60}},{"start":{"line":64,"column":64},"end":{"line":64,"column":85}}]},"15":{"loc":{"start":{"line":64,"column":32},"end":{"line":64,"column":60}},"type":"cond-expr","locations":[{"start":{"line":64,"column":51},"end":{"line":64,"column":53}},{"start":{"line":64,"column":51},"end":{"line":64,"column":60}}]},"16":{"loc":{"start":{"line":64,"column":32},"end":{"line":64,"column":53}},"type":"binary-expr","locations":[{"start":{"line":64,"column":32},"end":{"line":64,"column":53}},{"start":{"line":64,"column":51},"end":{"line":64,"column":53}}]},"17":{"loc":{"start":{"line":72,"column":15},"end":{"line":76,"column":9}},"type":"if","locations":[{"start":{"line":72,"column":15},"end":{"line":76,"column":9}},{"start":{"line":74,"column":15},"end":{"line":76,"column":9}}]}},"s":{"0":0,"1":0,"2":0,"3":0,"4":0,"5":0,"6":0,"7":0,"8":0,"9":0,"10":0,"11":0,"12":0,"13":0,"14":0,"15":0,"16":0,"17":0,"18":0,"19":0,"20":0,"21":0,"22":0,"23":0,"24":0,"25":0,"26":0,"27":0,"28":0,"29":0,"30":0,"31":0,"32":0,"33":0,"34":0,"35":0,"36":0,"37":0,"38":0,"39":0,"40":0,"41":0,"42":0,"43":0,"44":0,"45":0,"46":0},"f":{"0":0,"1":0,"2":0,"3":0,"4":0,"5":0,"6":0},"b":{"0":[0],"1":[0],"2":[0,0],"3":[0,0],"4":[0,0],"5":[0,0],"6":[0,0,0,0],"7":[0,0],"8":[0,0],"9":[0,0],"10":[0,0],"11":[0,0],"12":[0,0],"13":[0,0],"14":[0,0],"15":[0,0],"16":[0,0],"17":[0,0]}}
,"C:\\Users\\Peterlight\\Projects\\Savannah\\todo_reactjs\\task_management\\src\\adapters\\socket\\socketService.ts": {"path":"C:\\Users\\Peterlight\\Projects\\Savannah\\todo_reactjs\\task_management\\src\\adapters\\socket\\socketService.ts","statementMap":{"0":{"start":{"line":1,"column":0},"end":{"line":1,"column":36}},"1":{"start":{"line":2,"column":0},"end":{"line":2,"column":53}},"2":{"start":{"line":3,"column":0},"end":{"line":3,"column":52}},"3":{"start":{"line":4,"column":0},"end":{"line":4,"column":51}},"4":{"start":{"line":5,"column":0},"end":{"line":5,"column":40}},"5":{"start":{"line":7,"column":15},"end":{"line":12,"column":2}},"6":{"start":{"line":14,"column":31},"end":{"line":33,"column":1}},"7":{"start":{"line":15,"column":24},"end":{"line":15,"column":40}},"8":{"start":{"line":16,"column":30},"end":{"line":16,"column":52}},"9":{"start":{"line":18,"column":4},"end":{"line":32,"column":null}},"10":{"start":{"line":19,"column":8},"end":{"line":30,"column":9}},"11":{"start":{"line":20,"column":39},"end":{"line":23,"column":13}},"12":{"start":{"line":22,"column":16},"end":{"line":22,"column":55}},"13":{"start":{"line":25,"column":12},"end":{"line":25,"column":58}},"14":{"start":{"line":26,"column":12},"end":{"line":26,"column":45}},"15":{"start":{"line":27,"column":12},"end":{"line":29,"column":14}},"16":{"start":{"line":28,"column":16},"end":{"line":28,"column":63}},"17":{"start":{"line":14,"column":13},"end":{"line":14,"column":31}}},"fnMap":{"0":{"name":"(anonymous_0)","decl":{"start":{"line":14,"column":31},"end":{"line":14,"column":34}},"loc":{"start":{"line":14,"column":36},"end":{"line":33,"column":1}}},"1":{"name":"(anonymous_1)","decl":{"start":{"line":18,"column":14},"end":{"line":18,"column":17}},"loc":{"start":{"line":18,"column":19},"end":{"line":32,"column":5}}},"2":{"name":"(anonymous_2)","decl":{"start":{"line":20,"column":39},"end":{"line":20,"column":40}},"loc":{"start":{"line":20,"column":56},"end":{"line":23,"column":13}}},"3":{"name":"(anonymous_3)","decl":{"start":{"line":27,"column":19},"end":{"line":27,"column":22}},"loc":{"start":{"line":27,"column":24},"end":{"line":29,"column":13}}}},"branchMap":{"0":{"loc":{"start":{"line":19,"column":8},"end":{"line":30,"column":9}},"type":"if","locations":[{"start":{"line":19,"column":8},"end":{"line":30,"column":9}}]}},"s":{"0":0,"1":0,"2":0,"3":0,"4":0,"5":0,"6":0,"7":0,"8":0,"9":0,"10":0,"11":0,"12":0,"13":0,"14":0,"15":0,"16":0,"17":0},"f":{"0":0,"1":0,"2":0,"3":0},"b":{"0":[0]}}
,"C:\\Users\\Peterlight\\Projects\\Savannah\\todo_reactjs\\task_management\\src\\adapters\\storage\\localStorage.ts": {"path":"C:\\Users\\Peterlight\\Projects\\Savannah\\todo_reactjs\\task_management\\src\\adapters\\storage\\localStorage.ts","statementMap":{"0":{"start":{"line":1,"column":21},"end":{"line":12,"column":2}},"1":{"start":{"line":3,"column":8},"end":{"line":3,"column":57}},"2":{"start":{"line":6,"column":22},"end":{"line":6,"column":47}},"3":{"start":{"line":7,"column":8},"end":{"line":7,"column":63}},"4":{"start":{"line":10,"column":8},"end":{"line":10,"column":37}},"5":{"start":{"line":14,"column":0},"end":{"line":14,"column":28}}},"fnMap":{"0":{"name":"(anonymous_0)","decl":{"start":{"line":2,"column":13},"end":{"line":2,"column":14}},"loc":{"start":{"line":2,"column":41},"end":{"line":4,"column":5}}},"1":{"name":"(anonymous_1)","decl":{"start":{"line":5,"column":13},"end":{"line":5,"column":17}},"loc":{"start":{"line":5,"column":53},"end":{"line":8,"column":5}}},"2":{"name":"(anonymous_2)","decl":{"start":{"line":9,"column":16},"end":{"line":9,"column":17}},"loc":{"start":{"line":9,"column":32},"end":{"line":11,"column":5}}}},"branchMap":{"0":{"loc":{"start":{"line":7,"column":16},"end":{"line":7,"column":56}},"type":"cond-expr","locations":[{"start":{"line":7,"column":24},"end":{"line":7,"column":41}},{"start":{"line":7,"column":44},"end":{"line":7,"column":56}}]}},"s":{"0":0,"1":0,"2":0,"3":0,"4":0,"5":0},"f":{"0":0,"1":0,"2":0},"b":{"0":[0,0]}}
,"C:\\Users\\Peterlight\\Projects\\Savannah\\todo_reactjs\\task_management\\src\\adapters\\ui\\configs\\dashboard.ts": {"path":"C:\\Users\\Peterlight\\Projects\\Savannah\\todo_reactjs\\task_management\\src\\adapters\\ui\\configs\\dashboard.ts","statementMap":{"0":{"start":{"line":1,"column":0},"end":{"line":1,"column":76}},"1":{"start":{"line":2,"column":0},"end":{"line":2,"column":70}},"2":{"start":{"line":3,"column":0},"end":{"line":3,"column":75}},"3":{"start":{"line":6,"column":0},"end":{"line":6,"column":null}},"4":{"start":{"line":7,"column":4},"end":{"line":7,"column":null}},"5":{"start":{"line":8,"column":4},"end":{"line":8,"column":null}},"6":{"start":{"line":9,"column":4},"end":{"line":9,"column":null}},"7":{"start":{"line":10,"column":4},"end":{"line":10,"column":null}},"8":{"start":{"line":14,"column":0},"end":{"line":14,"column":null}},"9":{"start":{"line":15,"column":4},"end":{"line":15,"column":null}},"10":{"start":{"line":16,"column":4},"end":{"line":16,"column":null}},"11":{"start":{"line":17,"column":4},"end":{"line":17,"column":null}},"12":{"start":{"line":18,"column":4},"end":{"line":18,"column":null}},"13":{"start":{"line":21,"column":13},"end":{"line":36,"column":null}}},"fnMap":{"0":{"name":"(anonymous_0)","decl":{"start":{"line":6,"column":0},"end":{"line":6,"column":12}},"loc":{"start":{"line":6,"column":38},"end":{"line":11,"column":1}}},"1":{"name":"(anonymous_1)","decl":{"start":{"line":14,"column":0},"end":{"line":14,"column":12}},"loc":{"start":{"line":14,"column":30},"end":{"line":19,"column":1}}}},"branchMap":{"0":{"loc":{"start":{"line":6,"column":12},"end":{"line":6,"column":null}},"type":"binary-expr","locations":[{"start":{"line":6,"column":12},"end":{"line":6,"column":38}},{"start":{"line":6,"column":38},"end":{"line":6,"column":null}}]},"1":{"loc":{"start":{"line":14,"column":12},"end":{"line":14,"column":null}},"type":"binary-expr","locations":[{"start":{"line":14,"column":12},"end":{"line":14,"column":30}},{"start":{"line":14,"column":30},"end":{"line":14,"column":null}}]}},"s":{"0":0,"1":0,"2":0,"3":0,"4":0,"5":0,"6":0,"7":0,"8":0,"9":0,"10":0,"11":0,"12":0,"13":0},"f":{"0":0,"1":0},"b":{"0":[0,0],"1":[0,0]}}
,"C:\\Users\\Peterlight\\Projects\\Savannah\\todo_reactjs\\task_management\\src\\core\\entities\\Task.ts": {"path":"C:\\Users\\Peterlight\\Projects\\Savannah\\todo_reactjs\\task_management\\src\\core\\entities\\Task.ts","statementMap":{"0":{"start":{"line":3,"column":0},"end":{"line":3,"column":null}},"1":{"start":{"line":4,"column":4},"end":{"line":4,"column":null}},"2":{"start":{"line":5,"column":4},"end":{"line":5,"column":null}},"3":{"start":{"line":6,"column":4},"end":{"line":6,"column":null}},"4":{"start":{"line":7,"column":4},"end":{"line":7,"column":null}}},"fnMap":{"0":{"name":"(anonymous_0)","decl":{"start":{"line":3,"column":0},"end":{"line":3,"column":12}},"loc":{"start":{"line":3,"column":25},"end":{"line":8,"column":1}}}},"branchMap":{"0":{"loc":{"start":{"line":3,"column":12},"end":{"line":3,"column":null}},"type":"binary-expr","locations":[{"start":{"line":3,"column":12},"end":{"line":3,"column":25}},{"start":{"line":3,"column":25},"end":{"line":3,"column":null}}]}},"s":{"0":0,"1":0,"2":0,"3":0,"4":0},"f":{"0":0},"b":{"0":[0,0]}}
,"C:\\Users\\Peterlight\\Projects\\Savannah\\todo_reactjs\\task_management\\src\\core\\repositories\\AuthRepository.ts": {"path":"C:\\Users\\Peterlight\\Projects\\Savannah\\todo_reactjs\\task_management\\src\\core\\repositories\\AuthRepository.ts","statementMap":{"0":{"start":{"line":2,"column":0},"end":{"line":2,"column":63}},"1":{"start":{"line":12,"column":8},"end":{"line":12,"column":null}},"2":{"start":{"line":16,"column":26},"end":{"line":16,"column":67}},"3":{"start":{"line":18,"column":8},"end":{"line":18,"column":57}},"4":{"start":{"line":19,"column":8},"end":{"line":19,"column":59}},"5":{"start":{"line":23,"column":8},"end":{"line":23,"column":70}},"6":{"start":{"line":27,"column":8},"end":{"line":27,"column":47}},"7":{"start":{"line":31,"column":8},"end":{"line":31,"column":61}},"8":{"start":{"line":35,"column":29},"end":{"line":35,"column":65}},"9":{"start":{"line":36,"column":8},"end":{"line":36,"column":69}},"10":{"start":{"line":36,"column":27},"end":{"line":36,"column":69}},"11":{"start":{"line":37,"column":21},"end":{"line":37,"column":82}},"12":{"start":{"line":39,"column":31},"end":{"line":39,"column":42}},"13":{"start":{"line":40,"column":8},"end":{"line":40,"column":60}},"14":{"start":{"line":41,"column":8},"end":{"line":41,"column":30}},"15":{"start":{"line":45,"column":8},"end":{"line":45,"column":47}},"16":{"start":{"line":46,"column":8},"end":{"line":46,"column":48}},"17":{"start":{"line":50,"column":8},"end":{"line":50,"column":58}},"18":{"start":{"line":8,"column":0},"end":{"line":8,"column":21}}},"fnMap":{"0":{"name":"(anonymous_7)","decl":{"start":{"line":11,"column":4},"end":{"line":11,"column":16}},"loc":{"start":{"line":11,"column":44},"end":{"line":13,"column":5}}},"1":{"name":"(anonymous_8)","decl":{"start":{"line":15,"column":10},"end":{"line":15,"column":15}},"loc":{"start":{"line":15,"column":47},"end":{"line":20,"column":null}}},"2":{"name":"(anonymous_10)","decl":{"start":{"line":22,"column":10},"end":{"line":22,"column":18}},"loc":{"start":{"line":22,"column":68},"end":{"line":24,"column":null}}},"3":{"name":"(anonymous_12)","decl":{"start":{"line":26,"column":10},"end":{"line":26,"column":20}},"loc":{"start":{"line":26,"column":20},"end":{"line":28,"column":null}}},"4":{"name":"(anonymous_14)","decl":{"start":{"line":30,"column":10},"end":{"line":30,"column":23}},"loc":{"start":{"line":30,"column":50},"end":{"line":32,"column":null}}},"5":{"name":"(anonymous_16)","decl":{"start":{"line":34,"column":10},"end":{"line":34,"column":28}},"loc":{"start":{"line":34,"column":28},"end":{"line":42,"column":null}}},"6":{"name":"(anonymous_18)","decl":{"start":{"line":44,"column":10},"end":{"line":44,"column":16}},"loc":{"start":{"line":44,"column":16},"end":{"line":47,"column":null}}},"7":{"name":"(anonymous_20)","decl":{"start":{"line":49,"column":10},"end":{"line":49,"column":20}},"loc":{"start":{"line":49,"column":56},"end":{"line":51,"column":null}}}},"branchMap":{"0":{"loc":{"start":{"line":36,"column":8},"end":{"line":36,"column":69}},"type":"if","locations":[{"start":{"line":36,"column":8},"end":{"line":36,"column":69}}]}},"s":{"0":0,"1":0,"2":0,"3":0,"4":0,"5":0,"6":0,"7":0,"8":0,"9":0,"10":0,"11":0,"12":0,"13":0,"14":0,"15":0,"16":0,"17":0,"18":0},"f":{"0":0,"1":0,"2":0,"3":0,"4":0,"5":0,"6":0,"7":0},"b":{"0":[0]}}
,"C:\\Users\\Peterlight\\Projects\\Savannah\\todo_reactjs\\task_management\\src\\core\\repositories\\TaskRepository.ts": {"path":"C:\\Users\\Peterlight\\Projects\\Savannah\\todo_reactjs\\task_management\\src\\core\\repositories\\TaskRepository.ts","statementMap":{"0":{"start":{"line":10,"column":8},"end":{"line":10,"column":null}},"1":{"start":{"line":14,"column":8},"end":{"line":14,"column":51}},"2":{"start":{"line":18,"column":8},"end":{"line":18,"column":59}},"3":{"start":{"line":22,"column":8},"end":{"line":22,"column":65}},"4":{"start":{"line":26,"column":8},"end":{"line":26,"column":53}},"5":{"start":{"line":30,"column":8},"end":{"line":30,"column":65}},"6":{"start":{"line":34,"column":8},"end":{"line":34,"column":58}},"7":{"start":{"line":6,"column":0},"end":{"line":6,"column":21}}},"fnMap":{"0":{"name":"(anonymous_7)","decl":{"start":{"line":9,"column":4},"end":{"line":9,"column":16}},"loc":{"start":{"line":9,"column":44},"end":{"line":11,"column":5}}},"1":{"name":"(anonymous_8)","decl":{"start":{"line":13,"column":10},"end":{"line":13,"column":16}},"loc":{"start":{"line":13,"column":36},"end":{"line":15,"column":null}}},"2":{"name":"(anonymous_10)","decl":{"start":{"line":17,"column":10},"end":{"line":17,"column":16}},"loc":{"start":{"line":17,"column":52},"end":{"line":19,"column":null}}},"3":{"name":"(anonymous_12)","decl":{"start":{"line":21,"column":10},"end":{"line":21,"column":25}},"loc":{"start":{"line":21,"column":55},"end":{"line":23,"column":null}}},"4":{"name":"(anonymous_14)","decl":{"start":{"line":25,"column":10},"end":{"line":25,"column":16}},"loc":{"start":{"line":25,"column":31},"end":{"line":27,"column":null}}},"5":{"name":"(anonymous_16)","decl":{"start":{"line":29,"column":10},"end":{"line":29,"column":19}},"loc":{"start":{"line":29,"column":71},"end":{"line":31,"column":null}}},"6":{"name":"(anonymous_18)","decl":{"start":{"line":33,"column":10},"end":{"line":33,"column":20}},"loc":{"start":{"line":33,"column":56},"end":{"line":35,"column":null}}}},"branchMap":{},"s":{"0":0,"1":0,"2":0,"3":0,"4":0,"5":0,"6":0,"7":0},"f":{"0":0,"1":0,"2":0,"3":0,"4":0,"5":0,"6":0},"b":{}}
,"C:\\Users\\Peterlight\\Projects\\Savannah\\todo_reactjs\\task_management\\src\\core\\services\\AuthService.ts": {"path":"C:\\Users\\Peterlight\\Projects\\Savannah\\todo_reactjs\\task_management\\src\\core\\services\\AuthService.ts","statementMap":{"0":{"start":{"line":11,"column":8},"end":{"line":11,"column":null}},"1":{"start":{"line":15,"column":8},"end":{"line":15,"column":58}},"2":{"start":{"line":19,"column":8},"end":{"line":19,"column":67}},"3":{"start":{"line":23,"column":8},"end":{"line":23,"column":48}},"4":{"start":{"line":27,"column":8},"end":{"line":27,"column":62}},"5":{"start":{"line":31,"column":8},"end":{"line":31,"column":56}},"6":{"start":{"line":35,"column":8},"end":{"line":35,"column":44}},"7":{"start":{"line":39,"column":8},"end":{"line":39,"column":59}},"8":{"start":{"line":7,"column":0},"end":{"line":7,"column":21}}},"fnMap":{"0":{"name":"(anonymous_7)","decl":{"start":{"line":10,"column":4},"end":{"line":10,"column":16}},"loc":{"start":{"line":10,"column":41},"end":{"line":12,"column":5}}},"1":{"name":"(anonymous_8)","decl":{"start":{"line":14,"column":10},"end":{"line":14,"column":15}},"loc":{"start":{"line":14,"column":47},"end":{"line":16,"column":null}}},"2":{"name":"(anonymous_10)","decl":{"start":{"line":18,"column":10},"end":{"line":18,"column":18}},"loc":{"start":{"line":18,"column":64},"end":{"line":20,"column":null}}},"3":{"name":"(anonymous_12)","decl":{"start":{"line":22,"column":10},"end":{"line":22,"column":20}},"loc":{"start":{"line":22,"column":20},"end":{"line":24,"column":null}}},"4":{"name":"(anonymous_14)","decl":{"start":{"line":26,"column":10},"end":{"line":26,"column":23}},"loc":{"start":{"line":26,"column":50},"end":{"line":28,"column":null}}},"5":{"name":"(anonymous_16)","decl":{"start":{"line":30,"column":10},"end":{"line":30,"column":28}},"loc":{"start":{"line":30,"column":28},"end":{"line":32,"column":null}}},"6":{"name":"(anonymous_18)","decl":{"start":{"line":34,"column":10},"end":{"line":34,"column":16}},"loc":{"start":{"line":34,"column":16},"end":{"line":36,"column":null}}},"7":{"name":"(anonymous_20)","decl":{"start":{"line":38,"column":10},"end":{"line":38,"column":20}},"loc":{"start":{"line":38,"column":56},"end":{"line":40,"column":null}}}},"branchMap":{},"s":{"0":0,"1":0,"2":0,"3":0,"4":0,"5":0,"6":0,"7":0,"8":0},"f":{"0":0,"1":0,"2":0,"3":0,"4":0,"5":0,"6":0,"7":0},"b":{}}
,"C:\\Users\\Peterlight\\Projects\\Savannah\\todo_reactjs\\task_management\\src\\core\\services\\TaskService.ts": {"path":"C:\\Users\\Peterlight\\Projects\\Savannah\\todo_reactjs\\task_management\\src\\core\\services\\TaskService.ts","statementMap":{"0":{"start":{"line":11,"column":8},"end":{"line":11,"column":null}},"1":{"start":{"line":15,"column":8},"end":{"line":15,"column":48}},"2":{"start":{"line":19,"column":8},"end":{"line":19,"column":56}},"3":{"start":{"line":23,"column":8},"end":{"line":23,"column":66}},"4":{"start":{"line":27,"column":8},"end":{"line":27,"column":50}},"5":{"start":{"line":31,"column":8},"end":{"line":31,"column":66}},"6":{"start":{"line":35,"column":8},"end":{"line":35,"column":59}},"7":{"start":{"line":7,"column":0},"end":{"line":7,"column":21}}},"fnMap":{"0":{"name":"(anonymous_7)","decl":{"start":{"line":10,"column":4},"end":{"line":10,"column":16}},"loc":{"start":{"line":10,"column":41},"end":{"line":12,"column":5}}},"1":{"name":"(anonymous_8)","decl":{"start":{"line":14,"column":10},"end":{"line":14,"column":20}},"loc":{"start":{"line":14,"column":40},"end":{"line":16,"column":null}}},"2":{"name":"(anonymous_10)","decl":{"start":{"line":18,"column":10},"end":{"line":18,"column":20}},"loc":{"start":{"line":18,"column":56},"end":{"line":20,"column":null}}},"3":{"name":"(anonymous_12)","decl":{"start":{"line":22,"column":10},"end":{"line":22,"column":25}},"loc":{"start":{"line":22,"column":55},"end":{"line":24,"column":null}}},"4":{"name":"(anonymous_14)","decl":{"start":{"line":26,"column":10},"end":{"line":26,"column":20}},"loc":{"start":{"line":26,"column":35},"end":{"line":28,"column":null}}},"5":{"name":"(anonymous_16)","decl":{"start":{"line":30,"column":10},"end":{"line":30,"column":19}},"loc":{"start":{"line":30,"column":71},"end":{"line":32,"column":null}}},"6":{"name":"(anonymous_18)","decl":{"start":{"line":34,"column":10},"end":{"line":34,"column":20}},"loc":{"start":{"line":34,"column":56},"end":{"line":36,"column":null}}}},"branchMap":{},"s":{"0":0,"1":0,"2":0,"3":0,"4":0,"5":0,"6":0,"7":0},"f":{"0":0,"1":0,"2":0,"3":0,"4":0,"5":0,"6":0},"b":{}}
,"C:\\Users\\Peterlight\\Projects\\Savannah\\todo_reactjs\\task_management\\src\\infrastructure\\config.ts": {"path":"C:\\Users\\Peterlight\\Projects\\Savannah\\todo_reactjs\\task_management\\src\\infrastructure\\config.ts","statementMap":{"0":{"start":{"line":4,"column":8},"end":{"line":4,"column":null}},"1":{"start":{"line":8,"column":8},"end":{"line":8,"column":null}},"2":{"start":{"line":1,"column":0},"end":{"line":1,"column":21}}},"fnMap":{"0":{"name":"(anonymous_0)","decl":{"start":{"line":3,"column":4},"end":{"line":3,"column":10}},"loc":{"start":{"line":3,"column":35},"end":{"line":5,"column":5}}},"1":{"name":"(anonymous_1)","decl":{"start":{"line":7,"column":4},"end":{"line":7,"column":10}},"loc":{"start":{"line":7,"column":33},"end":{"line":9,"column":5}}}},"branchMap":{},"s":{"0":0,"1":0,"2":0},"f":{"0":0,"1":0},"b":{}}
,"C:\\Users\\Peterlight\\Projects\\Savannah\\todo_reactjs\\task_management\\src\\infrastructure\\container.ts": {"path":"C:\\Users\\Peterlight\\Projects\\Savannah\\todo_reactjs\\task_management\\src\\infrastructure\\container.ts","statementMap":{"0":{"start":{"line":1,"column":0},"end":{"line":1,"column":74}},"1":{"start":{"line":2,"column":0},"end":{"line":2,"column":55}},"2":{"start":{"line":3,"column":0},"end":{"line":3,"column":47}},"3":{"start":{"line":4,"column":0},"end":{"line":4,"column":65}},"4":{"start":{"line":5,"column":0},"end":{"line":5,"column":47}},"5":{"start":{"line":6,"column":0},"end":{"line":6,"column":55}},"6":{"start":{"line":7,"column":0},"end":{"line":7,"column":65}},"7":{"start":{"line":8,"column":0},"end":{"line":8,"column":55}},"8":{"start":{"line":22,"column":58},"end":{"line":22,"column":98}},"9":{"start":{"line":24,"column":0},"end":{"line":32,"column":3}},"10":{"start":{"line":33,"column":0},"end":{"line":33,"column":25}}},"fnMap":{},"branchMap":{},"s":{"0":0,"1":0,"2":0,"3":0,"4":0,"5":0,"6":0,"7":0,"8":0,"9":0,"10":0},"f":{},"b":{}}
,"C:\\Users\\Peterlight\\Projects\\Savannah\\todo_reactjs\\task_management\\src\\infrastructure\\routes\\config.ts": {"path":"C:\\Users\\Peterlight\\Projects\\Savannah\\todo_reactjs\\task_management\\src\\infrastructure\\routes\\config.ts","statementMap":{"0":{"start":{"line":1,"column":24},"end":{"line":6,"column":2}},"1":{"start":{"line":8,"column":0},"end":{"line":8,"column":31}}},"fnMap":{},"branchMap":{},"s":{"0":0,"1":0},"f":{},"b":{}}
,"C:\\Users\\Peterlight\\Projects\\Savannah\\todo_reactjs\\task_management\\src\\infrastructure\\state\\store.ts": {"path":"C:\\Users\\Peterlight\\Projects\\Savannah\\todo_reactjs\\task_management\\src\\infrastructure\\state\\store.ts","statementMap":{"0":{"start":{"line":1,"column":0},"end":{"line":1,"column":48}},"1":{"start":{"line":2,"column":0},"end":{"line":2,"column":45}},"2":{"start":{"line":3,"column":0},"end":{"line":3,"column":45}},"3":{"start":{"line":5,"column":14},"end":{"line":10,"column":2}},"4":{"start":{"line":15,"column":0},"end":{"line":15,"column":21}}},"fnMap":{},"branchMap":{},"s":{"0":0,"1":0,"2":0,"3":0,"4":0},"f":{},"b":{}}
,"C:\\Users\\Peterlight\\Projects\\Savannah\\todo_reactjs\\task_management\\src\\infrastructure\\state\\slices\\taskSlice.ts": {"path":"C:\\Users\\Peterlight\\Projects\\Savannah\\todo_reactjs\\task_management\\src\\infrastructure\\state\\slices\\taskSlice.ts","statementMap":{"0":{"start":{"line":1,"column":0},"end":{"line":1,"column":60}},"1":{"start":{"line":12,"column":32},"end":{"line":18,"column":2}},"2":{"start":{"line":20,"column":27},"end":{"line":22,"column":1}},"3":{"start":{"line":21,"column":4},"end":{"line":21,"column":95}},"4":{"start":{"line":21,"column":32},"end":{"line":21,"column":93}},"5":{"start":{"line":24,"column":27},"end":{"line":61,"column":1}},"6":{"start":{"line":25,"column":23},"end":{"line":25,"column":25}},"7":{"start":{"line":26,"column":26},"end":{"line":26,"column":28}},"8":{"start":{"line":27,"column":31},"end":{"line":27,"column":33}},"9":{"start":{"line":28,"column":25},"end":{"line":28,"column":27}},"10":{"start":{"line":31,"column":18},"end":{"line":31,"column":28}},"11":{"start":{"line":32,"column":4},"end":{"line":32,"column":31}},"12":{"start":{"line":35,"column":21},"end":{"line":35,"column":36}},"13":{"start":{"line":36,"column":4},"end":{"line":36,"column":42}},"14":{"start":{"line":39,"column":29},"end":{"line":39,"column":44}},"15":{"start":{"line":40,"column":4},"end":{"line":40,"column":50}},"16":{"start":{"line":43,"column":4},"end":{"line":56,"column":7}},"17":{"start":{"line":44,"column":8},"end":{"line":55,"column":9}},"18":{"start":{"line":45,"column":28},"end":{"line":45,"column":60}},"19":{"start":{"line":46,"column":12},"end":{"line":54,"column":13}},"20":{"start":{"line":47,"column":16},"end":{"line":47,"column":40}},"21":{"start":{"line":48,"column":19},"end":{"line":54,"column":13}},"22":{"start":{"line":49,"column":16},"end":{"line":49,"column":38}},"23":{"start":{"line":50,"column":19},"end":{"line":54,"column":13}},"24":{"start":{"line":51,"column":16},"end":{"line":51,"column":41}},"25":{"start":{"line":53,"column":16},"end":{"line":53,"column":46}},"26":{"start":{"line":57,"column":4},"end":{"line":57,"column":54}},"27":{"start":{"line":58,"column":4},"end":{"line":58,"column":60}},"28":{"start":{"line":59,"column":4},"end":{"line":59,"column":70}},"29":{"start":{"line":60,"column":4},"end":{"line":60,"column":58}},"30":{"start":{"line":63,"column":18},"end":{"line":85,"column":2}},"31":{"start":{"line":68,"column":12},"end":{"line":68,"column":47}},"32":{"start":{"line":69,"column":12},"end":{"line":69,"column":null}},"33":{"start":{"line":72,"column":12},"end":{"line":72,"column":45}},"34":{"start":{"line":73,"column":12},"end":{"line":73,"column":null}},"35":{"start":{"line":76,"column":26},"end":{"line":76,"column":88}},"36":{"start":{"line":76,"column":56},"end":{"line":76,"column":87}},"37":{"start":{"line":77,"column":12},"end":{"line":77,"column":48}},"38":{"start":{"line":78,"column":12},"end":{"line":78,"column":null}},"39":{"start":{"line":81,"column":12},"end":{"line":81,"column":82}},"40":{"start":{"line":81,"column":53},"end":{"line":81,"column":80}},"41":{"start":{"line":82,"column":12},"end":{"line":82,"column":null}},"42":{"start":{"line":87,"column":13},"end":{"line":87,"column":59}},"43":{"start":{"line":89,"column":0},"end":{"line":89,"column":33}}},"fnMap":{"0":{"name":"(anonymous_0)","decl":{"start":{"line":20,"column":27},"end":{"line":20,"column":28}},"loc":{"start":{"line":20,"column":45},"end":{"line":22,"column":1}}},"1":{"name":"(anonymous_1)","decl":{"start":{"line":21,"column":22},"end":{"line":21,"column":23}},"loc":{"start":{"line":21,"column":32},"end":{"line":21,"column":93}}},"2":{"name":"(anonymous_2)","decl":{"start":{"line":24,"column":27},"end":{"line":24,"column":28}},"loc":{"start":{"line":24,"column":37},"end":{"line":61,"column":1}}},"3":{"name":"(anonymous_3)","decl":{"start":{"line":43,"column":24},"end":{"line":43,"column":25}},"loc":{"start":{"line":43,"column":33},"end":{"line":56,"column":5}}},"4":{"name":"(anonymous_4)","decl":{"start":{"line":67,"column":8},"end":{"line":67,"column":16}},"loc":{"start":{"line":67,"column":53},"end":{"line":70,"column":9}}},"5":{"name":"(anonymous_5)","decl":{"start":{"line":71,"column":8},"end":{"line":71,"column":15}},"loc":{"start":{"line":71,"column":50},"end":{"line":74,"column":9}}},"6":{"name":"(anonymous_6)","decl":{"start":{"line":75,"column":8},"end":{"line":75,"column":18}},"loc":{"start":{"line":75,"column":53},"end":{"line":79,"column":9}}},"7":{"name":"(anonymous_7)","decl":{"start":{"line":76,"column":48},"end":{"line":76,"column":52}},"loc":{"start":{"line":76,"column":56},"end":{"line":76,"column":87}}},"8":{"name":"(anonymous_8)","decl":{"start":{"line":80,"column":8},"end":{"line":80,"column":18}},"loc":{"start":{"line":80,"column":55},"end":{"line":83,"column":9}}},"9":{"name":"(anonymous_9)","decl":{"start":{"line":81,"column":45},"end":{"line":81,"column":49}},"loc":{"start":{"line":81,"column":53},"end":{"line":81,"column":80}}}},"branchMap":{"0":{"loc":{"start":{"line":44,"column":8},"end":{"line":55,"column":9}},"type":"if","locations":[{"start":{"line":44,"column":8},"end":{"line":55,"column":9}}]},"1":{"loc":{"start":{"line":46,"column":12},"end":{"line":54,"column":13}},"type":"if","locations":[{"start":{"line":46,"column":12},"end":{"line":54,"column":13}},{"start":{"line":48,"column":19},"end":{"line":54,"column":13}}]},"2":{"loc":{"start":{"line":48,"column":19},"end":{"line":54,"column":13}},"type":"if","locations":[{"start":{"line":48,"column":19},"end":{"line":54,"column":13}},{"start":{"line":50,"column":19},"end":{"line":54,"column":13}}]},"3":{"loc":{"start":{"line":48,"column":23},"end":{"line":48,"column":61}},"type":"binary-expr","locations":[{"start":{"line":48,"column":23},"end":{"line":48,"column":39}},{"start":{"line":48,"column":43},"end":{"line":48,"column":61}}]},"4":{"loc":{"start":{"line":50,"column":19},"end":{"line":54,"column":13}},"type":"if","locations":[{"start":{"line":50,"column":19},"end":{"line":54,"column":13}},{"start":{"line":52,"column":19},"end":{"line":54,"column":13}}]},"5":{"loc":{"start":{"line":50,"column":23},"end":{"line":50,"column":72}},"type":"binary-expr","locations":[{"start":{"line":50,"column":23},"end":{"line":50,"column":42}},{"start":{"line":50,"column":46},"end":{"line":50,"column":72}}]}},"s":{"0":1,"1":1,"2":1,"3":32,"4":1,"5":1,"6":8,"7":8,"8":8,"9":8,"10":8,"11":8,"12":8,"13":8,"14":8,"15":8,"16":8,"17":9,"18":9,"19":9,"20":1,"21":8,"22":5,"23":3,"24":1,"25":2,"26":8,"27":8,"28":8,"29":8,"30":1,"31":0,"32":0,"33":7,"34":7,"35":0,"36":0,"37":0,"38":0,"39":1,"40":2,"41":1,"42":1,"43":1},"f":{"0":32,"1":1,"2":8,"3":9,"4":0,"5":7,"6":0,"7":0,"8":1,"9":2},"b":{"0":[9],"1":[1,8],"2":[5,3],"3":[8,8],"4":[1,2],"5":[3,3]}}
,"C:\\Users\\Peterlight\\Projects\\Savannah\\todo_reactjs\\task_management\\src\\infrastructure\\state\\slices\\userSlice.ts": {"path":"C:\\Users\\Peterlight\\Projects\\Savannah\\todo_reactjs\\task_management\\src\\infrastructure\\state\\slices\\userSlice.ts","statementMap":{"0":{"start":{"line":1,"column":0},"end":{"line":1,"column":60}},"1":{"start":{"line":10,"column":32},"end":{"line":13,"column":2}},"2":{"start":{"line":15,"column":18},"end":{"line":29,"column":2}},"3":{"start":{"line":20,"column":12},"end":{"line":20,"column":40}},"4":{"start":{"line":23,"column":12},"end":{"line":23,"column":30}},"5":{"start":{"line":26,"column":12},"end":{"line":26,"column":50}},"6":{"start":{"line":31,"column":13},"end":{"line":31,"column":50}},"7":{"start":{"line":33,"column":0},"end":{"line":33,"column":33}}},"fnMap":{"0":{"name":"(anonymous_0)","decl":{"start":{"line":19,"column":8},"end":{"line":19,"column":15}},"loc":{"start":{"line":19,"column":50},"end":{"line":21,"column":9}}},"1":{"name":"(anonymous_1)","decl":{"start":{"line":22,"column":8},"end":{"line":22,"column":18}},"loc":{"start":{"line":22,"column":24},"end":{"line":24,"column":9}}},"2":{"name":"(anonymous_2)","decl":{"start":{"line":25,"column":8},"end":{"line":25,"column":19}},"loc":{"start":{"line":25,"column":56},"end":{"line":27,"column":9}}}},"branchMap":{},"s":{"0":1,"1":1,"2":1,"3":2,"4":1,"5":1,"6":1,"7":1},"f":{"0":2,"1":1,"2":1},"b":{}}
,"C:\\Users\\Peterlight\\Projects\\Savannah\\todo_reactjs\\task_management\\src\\tests\\mocks\\index.ts": {"path":"C:\\Users\\Peterlight\\Projects\\Savannah\\todo_reactjs\\task_management\\src\\tests\\mocks\\index.ts","statementMap":{"0":{"start":{"line":1,"column":0},"end":{"line":1,"column":38}},"1":{"start":{"line":7,"column":20},"end":{"line":7,"column":52}},"2":{"start":{"line":8,"column":8},"end":{"line":12,"column":10}},"3":{"start":{"line":16,"column":20},"end":{"line":16,"column":52}},"4":{"start":{"line":17,"column":8},"end":{"line":25,"column":10}},"5":{"start":{"line":5,"column":0},"end":{"line":5,"column":21}}},"fnMap":{"0":{"name":"(anonymous_0)","decl":{"start":{"line":6,"column":4},"end":{"line":6,"column":10}},"loc":{"start":{"line":6,"column":27},"end":{"line":13,"column":5}}},"1":{"name":"(anonymous_1)","decl":{"start":{"line":15,"column":4},"end":{"line":15,"column":10}},"loc":{"start":{"line":15,"column":119},"end":{"line":27,"column":5}}}},"branchMap":{"0":{"loc":{"start":{"line":20,"column":24},"end":{"line":20,"column":70}},"type":"binary-expr","locations":[{"start":{"line":20,"column":24},"end":{"line":20,"column":34}},{"start":{"line":20,"column":38},"end":{"line":20,"column":70}}]},"1":{"loc":{"start":{"line":21,"column":21},"end":{"line":21,"column":62}},"type":"binary-expr","locations":[{"start":{"line":21,"column":21},"end":{"line":21,"column":28}},{"start":{"line":21,"column":32},"end":{"line":21,"column":62}}]},"2":{"loc":{"start":{"line":24,"column":21},"end":{"line":24,"column":64}},"type":"binary-expr","locations":[{"start":{"line":24,"column":21},"end":{"line":24,"column":28}},{"start":{"line":24,"column":32},"end":{"line":24,"column":64}}]}},"s":{"0":2,"1":4,"2":4,"3":7,"4":7,"5":2},"f":{"0":4,"1":7},"b":{"0":[7,7],"1":[7,1],"2":[7,7]}}
}
